-------------------------------------------------------------------------------
Test set: com.csit321WW.WikangWali.WikangWaliApplicationTests
-------------------------------------------------------------------------------
Tests run: 1, Failures: 0, Errors: 1, Skipped: 0, Time elapsed: 9.778 s <<< FAILURE! - in com.csit321WW.WikangWali.WikangWaliApplicationTests
contextLoads  Time elapsed: 0.025 s  <<< ERROR!
java.lang.IllegalStateException: Failed to load ApplicationContext
Caused by: org.springframework.beans.factory.UnsatisfiedDependencyException: Error creating bean with name 'exerciseController': Unsatisfied dependency expressed through field 'exerciseService'; nested exception is org.springframework.beans.factory.UnsatisfiedDependencyException: Error creating bean with name 'exerciseService' defined in file [C:\Users\dawn\Downloads\WikangWali\WikangWali\target\classes\com\csit321WW\WikangWali\Service\ExerciseService.class]: Unsatisfied dependency expressed through constructor parameter 0; nested exception is org.springframework.beans.factory.BeanCreationException: Error creating bean with name 'exerciseRepository' defined in com.csit321WW.WikangWali.Repository.ExerciseRepository defined in @EnableJpaRepositories declared on JpaRepositoriesRegistrar.EnableJpaRepositoriesConfiguration: Invocation of init method failed; nested exception is org.springframework.data.repository.query.QueryCreationException: Could not create query for public abstract com.csit321WW.WikangWali.Entity.ExerciseEntity com.csit321WW.WikangWali.Repository.ExerciseRepository.findByLessonid(int); Reason: Failed to create query for method public abstract com.csit321WW.WikangWali.Entity.ExerciseEntity com.csit321WW.WikangWali.Repository.ExerciseRepository.findByLessonid(int)! No property 'lessonid' found for type 'ExerciseEntity'; Did you mean 'lesson'; nested exception is java.lang.IllegalArgumentException: Failed to create query for method public abstract com.csit321WW.WikangWali.Entity.ExerciseEntity com.csit321WW.WikangWali.Repository.ExerciseRepository.findByLessonid(int)! No property 'lessonid' found for type 'ExerciseEntity'; Did you mean 'lesson'
Caused by: org.springframework.beans.factory.UnsatisfiedDependencyException: Error creating bean with name 'exerciseService' defined in file [C:\Users\dawn\Downloads\WikangWali\WikangWali\target\classes\com\csit321WW\WikangWali\Service\ExerciseService.class]: Unsatisfied dependency expressed through constructor parameter 0; nested exception is org.springframework.beans.factory.BeanCreationException: Error creating bean with name 'exerciseRepository' defined in com.csit321WW.WikangWali.Repository.ExerciseRepository defined in @EnableJpaRepositories declared on JpaRepositoriesRegistrar.EnableJpaRepositoriesConfiguration: Invocation of init method failed; nested exception is org.springframework.data.repository.query.QueryCreationException: Could not create query for public abstract com.csit321WW.WikangWali.Entity.ExerciseEntity com.csit321WW.WikangWali.Repository.ExerciseRepository.findByLessonid(int); Reason: Failed to create query for method public abstract com.csit321WW.WikangWali.Entity.ExerciseEntity com.csit321WW.WikangWali.Repository.ExerciseRepository.findByLessonid(int)! No property 'lessonid' found for type 'ExerciseEntity'; Did you mean 'lesson'; nested exception is java.lang.IllegalArgumentException: Failed to create query for method public abstract com.csit321WW.WikangWali.Entity.ExerciseEntity com.csit321WW.WikangWali.Repository.ExerciseRepository.findByLessonid(int)! No property 'lessonid' found for type 'ExerciseEntity'; Did you mean 'lesson'
Caused by: org.springframework.beans.factory.BeanCreationException: Error creating bean with name 'exerciseRepository' defined in com.csit321WW.WikangWali.Repository.ExerciseRepository defined in @EnableJpaRepositories declared on JpaRepositoriesRegistrar.EnableJpaRepositoriesConfiguration: Invocation of init method failed; nested exception is org.springframework.data.repository.query.QueryCreationException: Could not create query for public abstract com.csit321WW.WikangWali.Entity.ExerciseEntity com.csit321WW.WikangWali.Repository.ExerciseRepository.findByLessonid(int); Reason: Failed to create query for method public abstract com.csit321WW.WikangWali.Entity.ExerciseEntity com.csit321WW.WikangWali.Repository.ExerciseRepository.findByLessonid(int)! No property 'lessonid' found for type 'ExerciseEntity'; Did you mean 'lesson'; nested exception is java.lang.IllegalArgumentException: Failed to create query for method public abstract com.csit321WW.WikangWali.Entity.ExerciseEntity com.csit321WW.WikangWali.Repository.ExerciseRepository.findByLessonid(int)! No property 'lessonid' found for type 'ExerciseEntity'; Did you mean 'lesson'
Caused by: org.springframework.data.repository.query.QueryCreationException: Could not create query for public abstract com.csit321WW.WikangWali.Entity.ExerciseEntity com.csit321WW.WikangWali.Repository.ExerciseRepository.findByLessonid(int); Reason: Failed to create query for method public abstract com.csit321WW.WikangWali.Entity.ExerciseEntity com.csit321WW.WikangWali.Repository.ExerciseRepository.findByLessonid(int)! No property 'lessonid' found for type 'ExerciseEntity'; Did you mean 'lesson'; nested exception is java.lang.IllegalArgumentException: Failed to create query for method public abstract com.csit321WW.WikangWali.Entity.ExerciseEntity com.csit321WW.WikangWali.Repository.ExerciseRepository.findByLessonid(int)! No property 'lessonid' found for type 'ExerciseEntity'; Did you mean 'lesson'
Caused by: java.lang.IllegalArgumentException: Failed to create query for method public abstract com.csit321WW.WikangWali.Entity.ExerciseEntity com.csit321WW.WikangWali.Repository.ExerciseRepository.findByLessonid(int)! No property 'lessonid' found for type 'ExerciseEntity'; Did you mean 'lesson'
Caused by: org.springframework.data.mapping.PropertyReferenceException: No property 'lessonid' found for type 'ExerciseEntity'; Did you mean 'lesson'

